{"level":"error","message":"ValidationError: Order validation failed: paymentStatus: `refunded` is not a valid enum value for path `paymentStatus`.\n    at Document.invalidate (C:\\Users\\shrut\\OneDrive\\Desktop\\WEB_PROJECTS\\Order-processing-app\\node_modules\\mongoose\\lib\\document.js:3393:32)\n    at validatePath (C:\\Users\\shrut\\OneDrive\\Desktop\\WEB_PROJECTS\\Order-processing-app\\node_modules\\mongoose\\lib\\document.js:3168:13)\n    at process.processTicksAndRejections (node:internal/process/task_queues:105:5)\n    at async Promise.all (index 5)\n    at async model.$__validate (C:\\Users\\shrut\\OneDrive\\Desktop\\WEB_PROJECTS\\Order-processing-app\\node_modules\\mongoose\\lib\\document.js:3109:3)\n    at async model.validate (C:\\Users\\shrut\\OneDrive\\Desktop\\WEB_PROJECTS\\Order-processing-app\\node_modules\\mongoose\\lib\\document.js:2680:5)\n    at async model.validateBeforeSave (C:\\Users\\shrut\\OneDrive\\Desktop\\WEB_PROJECTS\\Order-processing-app\\node_modules\\mongoose\\lib\\plugins\\validateBeforeSave.js:34:7)\n    at async Kareem.execPre (C:\\Users\\shrut\\OneDrive\\Desktop\\WEB_PROJECTS\\Order-processing-app\\node_modules\\kareem\\index.js:65:24)\n    at async model.$__save (C:\\Users\\shrut\\OneDrive\\Desktop\\WEB_PROJECTS\\Order-processing-app\\node_modules\\mongoose\\lib\\model.js:369:5)\n    at async model.save (C:\\Users\\shrut\\OneDrive\\Desktop\\WEB_PROJECTS\\Order-processing-app\\node_modules\\mongoose\\lib\\model.js:609:5)","service":"backend-service","timestamp":"2026-02-21 10:06:04"}
{"level":"info","message":"\u001b[32mServer running on port 5000\u001b[39m","service":"backend-service","timestamp":"2026-02-21 10:08:20"}
{"level":"info","message":"\u001b[32mMongoDB Connected: ac-km23aby-shard-00-01.v9asper.mongodb.net\u001b[39m","service":"backend-service","timestamp":"2026-02-21 10:08:21"}
{"level":"error","message":"ValidationError: Order validation failed: paymentStatus: `refunded` is not a valid enum value for path `paymentStatus`.\n    at Document.invalidate (C:\\Users\\shrut\\OneDrive\\Desktop\\WEB_PROJECTS\\Order-processing-app\\node_modules\\mongoose\\lib\\document.js:3393:32)\n    at validatePath (C:\\Users\\shrut\\OneDrive\\Desktop\\WEB_PROJECTS\\Order-processing-app\\node_modules\\mongoose\\lib\\document.js:3168:13)\n    at process.processTicksAndRejections (node:internal/process/task_queues:105:5)\n    at async Promise.all (index 5)\n    at async model.$__validate (C:\\Users\\shrut\\OneDrive\\Desktop\\WEB_PROJECTS\\Order-processing-app\\node_modules\\mongoose\\lib\\document.js:3109:3)\n    at async model.validate (C:\\Users\\shrut\\OneDrive\\Desktop\\WEB_PROJECTS\\Order-processing-app\\node_modules\\mongoose\\lib\\document.js:2680:5)\n    at async model.validateBeforeSave (C:\\Users\\shrut\\OneDrive\\Desktop\\WEB_PROJECTS\\Order-processing-app\\node_modules\\mongoose\\lib\\plugins\\validateBeforeSave.js:34:7)\n    at async Kareem.execPre (C:\\Users\\shrut\\OneDrive\\Desktop\\WEB_PROJECTS\\Order-processing-app\\node_modules\\kareem\\index.js:65:24)\n    at async model.$__save (C:\\Users\\shrut\\OneDrive\\Desktop\\WEB_PROJECTS\\Order-processing-app\\node_modules\\mongoose\\lib\\model.js:369:5)\n    at async model.save (C:\\Users\\shrut\\OneDrive\\Desktop\\WEB_PROJECTS\\Order-processing-app\\node_modules\\mongoose\\lib\\model.js:609:5)","service":"backend-service","timestamp":"2026-02-21 10:08:24"}
{"level":"info","message":"\u001b[32mServer running on port 5000\u001b[39m","service":"backend-service","timestamp":"2026-02-21 10:11:07"}
{"level":"info","message":"\u001b[32mMongoDB Connected: ac-km23aby-shard-00-01.v9asper.mongodb.net\u001b[39m","service":"backend-service","timestamp":"2026-02-21 10:11:07"}
{"level":"info","message":"Order refund email sent to vishalprajapati2581@gmail.com","service":"backend-service","timestamp":"2026-02-21 10:11:14"}
{"level":"info","message":"\u001b[32mServer running on port 5000\u001b[39m","service":"backend-service","timestamp":"2026-02-21 12:17:49"}
{"level":"info","message":"\u001b[32mMongoDB Connected: ac-km23aby-shard-00-01.v9asper.mongodb.net\u001b[39m","service":"backend-service","timestamp":"2026-02-21 12:17:50"}
{"level":"info","message":"Registration email sent to shrutiujeniya529@gmail.com","service":"backend-service","timestamp":"2026-02-21 12:17:57"}
{"level":"info","message":"Registration email sent to shrutiujeniya6@gmail.com","service":"backend-service","timestamp":"2026-02-21 12:23:31"}
{"level":"info","message":"Order created email sent to shrutiujeniya6@gmail.com","service":"backend-service","timestamp":"2026-02-21 12:28:35"}
{"level":"info","message":"Order refund email sent to shrutiujeniya6@gmail.com","service":"backend-service","timestamp":"2026-02-21 12:31:04"}
{"level":"info","message":"Order created email sent to shrutiujeniya6@gmail.com","service":"backend-service","timestamp":"2026-02-21 12:42:31"}
{"level":"info","message":"\u001b[32mServer running on port 5000\u001b[39m","service":"backend-service","timestamp":"2026-02-21 12:42:54"}
{"level":"info","message":"\u001b[32mMongoDB Connected: ac-km23aby-shard-00-00.v9asper.mongodb.net\u001b[39m","service":"backend-service","timestamp":"2026-02-21 12:42:54"}
{"level":"info","message":"Order created email sent to shrutiujeniya6@gmail.com","service":"backend-service","timestamp":"2026-02-21 12:43:04"}
{"level":"info","message":"\u001b[32mServer running on port 5000\u001b[39m","service":"backend-service","timestamp":"2026-02-21 12:44:24"}
{"level":"info","message":"\u001b[32mMongoDB Connected: ac-km23aby-shard-00-02.v9asper.mongodb.net\u001b[39m","service":"backend-service","timestamp":"2026-02-21 12:44:27"}
{"level":"info","message":"Order created email sent to shrutiujeniya6@gmail.com","service":"backend-service","timestamp":"2026-02-21 12:44:34"}
{"level":"info","message":"\u001b[32mServer running on port 5000\u001b[39m","service":"backend-service","timestamp":"2026-02-21 12:45:35"}
{"level":"info","message":"\u001b[32mMongoDB Connected: ac-km23aby-shard-00-01.v9asper.mongodb.net\u001b[39m","service":"backend-service","timestamp":"2026-02-21 12:45:37"}
{"level":"info","message":"Order created email sent to shrutiujeniya6@gmail.com","service":"backend-service","timestamp":"2026-02-21 12:45:45"}
{"level":"info","message":"\u001b[32mServer running on port 5000\u001b[39m","service":"backend-service","timestamp":"2026-02-21 12:50:59"}
{"level":"info","message":"\u001b[32mMongoDB Connected: ac-km23aby-shard-00-02.v9asper.mongodb.net\u001b[39m","service":"backend-service","timestamp":"2026-02-21 12:51:00"}
{"level":"info","message":"Order created email sent to shrutiujeniya6@gmail.com","service":"backend-service","timestamp":"2026-02-21 12:51:10"}
{"level":"info","message":"\u001b[32mServer running on port 5000\u001b[39m","service":"backend-service","timestamp":"2026-02-21 17:56:39"}
{"level":"info","message":"\u001b[32mMongoDB Connected: ac-km23aby-shard-00-02.v9asper.mongodb.net\u001b[39m","service":"backend-service","timestamp":"2026-02-21 17:56:40"}
{"level":"info","message":"Order cancelled email sent to shrutiujeniya6@gmail.com","service":"backend-service","timestamp":"2026-02-21 17:56:53"}
{"level":"info","message":"Order created email sent to shrutiujeniya6@gmail.com","service":"backend-service","timestamp":"2026-02-21 17:59:13"}
{"level":"info","message":"Order refund email sent to shrutiujeniya6@gmail.com","service":"backend-service","timestamp":"2026-02-21 18:01:22"}
{"level":"info","message":"\u001b[32mServer running on port 5000\u001b[39m","service":"backend-service","timestamp":"2026-02-21 18:24:36"}
{"level":"info","message":"\u001b[32mServer running on port 5000\u001b[39m","service":"backend-service","timestamp":"2026-02-21 18:25:04"}
{"level":"error","message":"\u001b[31mMongoDB Connection Error: querySrv ECONNREFUSED _mongodb._tcp.shruti.v9asper.mongodb.net\u001b[39m","service":"backend-service","timestamp":"2026-02-21 18:25:04"}
{"level":"info","message":"\u001b[32mServer running on port 5000\u001b[39m","service":"backend-service","timestamp":"2026-02-21 18:25:15"}
{"level":"info","message":"\u001b[32mMongoDB Connected: ac-km23aby-shard-00-00.v9asper.mongodb.net\u001b[39m","service":"backend-service","timestamp":"2026-02-21 18:25:16"}
{"level":"info","message":"Order created email sent to shrutiujeniya6@gmail.com","service":"backend-service","timestamp":"2026-02-21 18:25:33"}
{"level":"info","message":"Payment receipt sent to shrutiujeniya6@gmail.com","service":"backend-service","timestamp":"2026-02-21 18:26:10"}
{"level":"info","message":"\u001b[32mServer running on port 5000\u001b[39m","service":"backend-service","timestamp":"2026-02-21 18:30:51"}
{"level":"info","message":"\u001b[32mMongoDB Connected: ac-km23aby-shard-00-02.v9asper.mongodb.net\u001b[39m","service":"backend-service","timestamp":"2026-02-21 18:30:53"}
{"level":"info","message":"Order created email sent to shrutiujeniya6@gmail.com","service":"backend-service","timestamp":"2026-02-21 18:31:12"}
{"level":"info","message":"Payment receipt sent to shrutiujeniya6@gmail.com","service":"backend-service","timestamp":"2026-02-21 18:31:38"}
{"level":"info","message":"\u001b[32mServer running on port 5000\u001b[39m","service":"backend-service","timestamp":"2026-02-21 18:35:47"}
{"level":"info","message":"\u001b[32mMongoDB Connected: ac-km23aby-shard-00-01.v9asper.mongodb.net\u001b[39m","service":"backend-service","timestamp":"2026-02-21 18:35:48"}
{"level":"info","message":"Order created email sent to shrutiujeniya6@gmail.com","service":"backend-service","timestamp":"2026-02-21 18:36:01"}
{"level":"error","message":"Error: Payment Gateway Failed\n    at fakePaymentGateway (C:\\Users\\shrut\\OneDrive\\Desktop\\WEB_PROJECTS\\Order-processing-app\\src\\controllers\\paymentController.js:11:11)\n    at circuitBreaker (C:\\Users\\shrut\\OneDrive\\Desktop\\WEB_PROJECTS\\Order-processing-app\\src\\services\\circuitBreaker.js:10:26)\n    at C:\\Users\\shrut\\OneDrive\\Desktop\\WEB_PROJECTS\\Order-processing-app\\src\\controllers\\paymentController.js:52:23\n    at retry (C:\\Users\\shrut\\OneDrive\\Desktop\\WEB_PROJECTS\\Order-processing-app\\src\\services\\retryService.js:4:20)\n    at async makePayment (C:\\Users\\shrut\\OneDrive\\Desktop\\WEB_PROJECTS\\Order-processing-app\\src\\controllers\\paymentController.js:52:5)","service":"backend-service","timestamp":"2026-02-21 18:36:21"}
{"level":"error","message":"Error: Circuit is open. Service unavailable.\n    at circuitBreaker (C:\\Users\\shrut\\OneDrive\\Desktop\\WEB_PROJECTS\\Order-processing-app\\src\\services\\circuitBreaker.js:6:11)\n    at C:\\Users\\shrut\\OneDrive\\Desktop\\WEB_PROJECTS\\Order-processing-app\\src\\controllers\\paymentController.js:52:23\n    at retry (C:\\Users\\shrut\\OneDrive\\Desktop\\WEB_PROJECTS\\Order-processing-app\\src\\services\\retryService.js:4:20)\n    at async makePayment (C:\\Users\\shrut\\OneDrive\\Desktop\\WEB_PROJECTS\\Order-processing-app\\src\\controllers\\paymentController.js:52:5)","service":"backend-service","timestamp":"2026-02-21 18:36:31"}
{"level":"info","message":"Payment receipt sent to shrutiujeniya6@gmail.com","service":"backend-service","timestamp":"2026-02-21 18:37:30"}
{"level":"info","message":"\u001b[32mServer running on port 5000\u001b[39m","service":"backend-service","timestamp":"2026-02-21 18:38:32"}
{"level":"info","message":"\u001b[32mMongoDB Connected: ac-km23aby-shard-00-00.v9asper.mongodb.net\u001b[39m","service":"backend-service","timestamp":"2026-02-21 18:38:33"}
{"level":"info","message":"Order created email sent to shrutiujeniya6@gmail.com","service":"backend-service","timestamp":"2026-02-21 18:38:51"}
{"level":"info","message":"Payment receipt sent to shrutiujeniya6@gmail.com","service":"backend-service","timestamp":"2026-02-21 18:39:16"}
{"level":"info","message":"\u001b[32mServer running on port 5000\u001b[39m","service":"backend-service","timestamp":"2026-02-21 21:28:25"}
{"level":"info","message":"\u001b[32mMongoDB Connected: ac-km23aby-shard-00-00.v9asper.mongodb.net\u001b[39m","service":"backend-service","timestamp":"2026-02-21 21:28:29"}
